2025-03-11 07:38:01,505 [WARNING] Partial data saved after scraping page 5
2025-03-11 07:38:03,307 [WARNING] Partial data saved after scraping page 10
2025-03-11 07:38:05,319 [WARNING] Partial data saved after scraping page 15
2025-03-11 07:38:07,091 [WARNING] Partial data saved after scraping page 20
2025-03-11 07:38:09,177 [WARNING] Partial data saved after scraping page 25
2025-03-11 07:38:11,256 [WARNING] Partial data saved after scraping page 30
2025-03-11 07:38:13,038 [WARNING] Partial data saved after scraping page 35
2025-03-11 07:38:15,441 [WARNING] Partial data saved after scraping page 40
2025-03-11 07:38:17,369 [WARNING] Partial data saved after scraping page 45
2025-03-11 07:38:19,855 [WARNING] Partial data saved after scraping page 50
2025-03-11 07:39:28,969 [WARNING] Partial data saved after scraping 10 college details
2025-03-11 07:40:26,500 [WARNING] Partial data saved after scraping 20 college details
2025-03-11 07:41:16,143 [WARNING] Partial data saved after scraping 30 college details
2025-03-11 07:44:39,117 [WARNING] Partial data saved after scraping 40 college details
2025-03-11 07:44:39,230 [WARNING] Partial data saved after scraping 50 college details
2025-03-11 07:44:39,382 [WARNING] Partial data saved after scraping 60 college details
2025-03-11 07:44:39,604 [WARNING] Partial data saved after scraping 70 college details
2025-03-11 07:50:02,816 [WARNING] Partial data saved after scraping 80 college details
2025-03-11 07:50:02,870 [WARNING] Partial data saved after scraping 90 college details
2025-03-11 07:50:02,935 [WARNING] Partial data saved after scraping 100 college details
2025-03-11 07:50:03,002 [WARNING] Partial data saved after scraping 110 college details
2025-03-11 07:50:03,064 [WARNING] Partial data saved after scraping 120 college details
2025-03-11 07:50:03,152 [WARNING] Partial data saved after scraping 130 college details
2025-03-11 07:50:03,213 [WARNING] Partial data saved after scraping 140 college details
2025-03-11 07:50:03,307 [WARNING] Partial data saved after scraping 150 college details
2025-03-11 07:51:56,266 [WARNING] Partial data saved after scraping 160 college details
2025-03-11 07:51:56,400 [WARNING] Partial data saved after scraping 170 college details
2025-03-11 07:56:56,499 [WARNING] Partial data saved after scraping 180 college details
2025-03-11 07:56:56,900 [WARNING] Partial data saved after scraping 190 college details
2025-03-11 07:56:57,012 [WARNING] Partial data saved after scraping 200 college details
2025-03-11 07:56:57,093 [WARNING] Partial data saved after scraping 210 college details
2025-03-11 07:56:57,163 [WARNING] Partial data saved after scraping 220 college details
2025-03-11 07:56:57,234 [WARNING] Partial data saved after scraping 230 college details
2025-03-11 07:58:29,789 [WARNING] Partial data saved after scraping 240 college details
2025-03-11 07:58:29,869 [WARNING] Partial data saved after scraping 250 college details
2025-03-11 07:58:56,533 [WARNING] Partial data saved after scraping 260 college details
2025-03-11 07:59:52,833 [WARNING] Partial data saved after scraping 270 college details
2025-03-11 08:00:39,511 [WARNING] Partial data saved after scraping 280 college details
2025-03-11 08:01:20,336 [WARNING] Partial data saved after scraping 290 college details
2025-03-11 08:07:23,130 [WARNING] Partial data saved after scraping 300 college details
2025-03-11 08:07:23,208 [WARNING] Partial data saved after scraping 310 college details
2025-03-11 08:07:23,295 [WARNING] Partial data saved after scraping 320 college details
2025-03-11 08:07:23,407 [WARNING] Partial data saved after scraping 330 college details
2025-03-11 08:07:23,498 [WARNING] Partial data saved after scraping 340 college details
2025-03-11 08:07:23,586 [WARNING] Partial data saved after scraping 350 college details
2025-03-11 08:07:23,680 [WARNING] Partial data saved after scraping 360 college details
2025-03-11 08:07:23,787 [WARNING] Partial data saved after scraping 370 college details
2025-03-11 08:07:23,859 [WARNING] Partial data saved after scraping 380 college details
2025-03-11 08:10:27,111 [WARNING] Partial data saved after scraping 390 college details
2025-03-11 08:10:27,221 [WARNING] Partial data saved after scraping 400 college details
2025-03-11 08:10:27,321 [WARNING] Partial data saved after scraping 410 college details
2025-03-11 08:10:27,404 [WARNING] Partial data saved after scraping 420 college details
2025-03-11 08:24:47,221 [WARNING] Partial data saved after scraping 430 college details
2025-03-11 08:24:47,723 [WARNING] Partial data saved after scraping 440 college details
2025-03-11 08:24:48,119 [WARNING] Partial data saved after scraping 450 college details
2025-03-11 08:24:48,449 [WARNING] Partial data saved after scraping 460 college details
2025-03-11 08:24:48,837 [WARNING] Partial data saved after scraping 470 college details
2025-03-11 08:24:49,001 [WARNING] Partial data saved after scraping 480 college details
2025-03-11 08:24:49,280 [WARNING] Partial data saved after scraping 490 college details
2025-03-11 08:24:49,490 [WARNING] Partial data saved after scraping 500 college details
2025-03-11 08:24:49,898 [WARNING] Partial data saved after scraping 510 college details
2025-03-11 08:24:50,867 [WARNING] Partial data saved after scraping 520 college details
2025-03-11 08:24:51,889 [WARNING] Partial data saved after scraping 530 college details
2025-03-11 08:24:53,493 [WARNING] Partial data saved after scraping 540 college details
2025-03-11 08:24:54,429 [WARNING] Partial data saved after scraping 550 college details
2025-03-11 08:24:55,548 [WARNING] Partial data saved after scraping 560 college details
2025-03-11 08:24:56,000 [WARNING] Partial data saved after scraping 570 college details
2025-03-11 08:24:56,458 [WARNING] Partial data saved after scraping 580 college details
2025-03-11 08:24:56,747 [WARNING] Partial data saved after scraping 590 college details
2025-03-11 08:24:57,325 [WARNING] Partial data saved after scraping 600 college details
2025-03-11 08:24:57,658 [WARNING] Partial data saved after scraping 610 college details
2025-03-11 08:24:57,931 [WARNING] Partial data saved after scraping 620 college details
2025-03-11 08:58:25,708 [WARNING] Partial data saved after scraping 630 college details
2025-03-11 08:58:25,822 [WARNING] Partial data saved after scraping 640 college details
2025-03-11 08:58:25,944 [WARNING] Partial data saved after scraping 650 college details
2025-03-11 08:58:26,054 [WARNING] Partial data saved after scraping 660 college details
2025-03-11 08:58:26,205 [WARNING] Partial data saved after scraping 670 college details
2025-03-11 08:58:26,310 [WARNING] Partial data saved after scraping 680 college details
2025-03-11 08:58:26,411 [WARNING] Partial data saved after scraping 690 college details
2025-03-11 08:58:26,511 [WARNING] Partial data saved after scraping 700 college details
2025-03-11 08:58:26,599 [WARNING] Partial data saved after scraping 710 college details
2025-03-11 08:58:26,696 [WARNING] Partial data saved after scraping 720 college details
2025-03-11 08:58:26,790 [WARNING] Partial data saved after scraping 730 college details
2025-03-11 08:58:26,970 [WARNING] Partial data saved after scraping 740 college details
2025-03-11 08:58:27,222 [WARNING] Partial data saved after scraping 750 college details
2025-03-11 08:58:27,347 [WARNING] Partial data saved after scraping 760 college details
2025-03-11 08:58:27,457 [WARNING] Partial data saved after scraping 770 college details
2025-03-11 08:58:27,606 [WARNING] Partial data saved after scraping 780 college details
2025-03-11 08:58:27,746 [WARNING] Partial data saved after scraping 790 college details
2025-03-11 08:58:27,885 [WARNING] Partial data saved after scraping 800 college details
2025-03-11 08:58:27,980 [WARNING] Partial data saved after scraping 810 college details
2025-03-11 08:58:28,077 [WARNING] Partial data saved after scraping 820 college details
2025-03-11 08:58:28,174 [WARNING] Partial data saved after scraping 830 college details
2025-03-11 08:58:28,270 [WARNING] Partial data saved after scraping 840 college details
2025-03-11 08:58:28,331 [WARNING] Partial data saved after scraping 850 college details
2025-03-11 08:58:28,416 [WARNING] Partial data saved after scraping 860 college details
2025-03-11 08:58:28,526 [WARNING] Partial data saved after scraping 870 college details
2025-03-11 08:58:28,624 [WARNING] Partial data saved after scraping 880 college details
2025-03-11 08:58:28,710 [WARNING] Partial data saved after scraping 890 college details
2025-03-11 08:58:28,793 [WARNING] Partial data saved after scraping 900 college details
2025-03-11 08:58:28,909 [WARNING] Partial data saved after scraping 910 college details
2025-03-11 08:58:29,043 [WARNING] Partial data saved after scraping 920 college details
2025-03-11 08:58:29,178 [WARNING] Partial data saved after scraping 930 college details
2025-03-11 08:58:29,338 [WARNING] Partial data saved after scraping 940 college details
2025-03-11 08:58:29,555 [WARNING] Partial data saved after scraping 950 college details
2025-03-11 08:58:30,172 [WARNING] Partial data saved after scraping 960 college details
2025-03-11 08:58:30,518 [WARNING] Partial data saved after scraping 970 college details
2025-03-11 08:58:30,917 [WARNING] Partial data saved after scraping 980 college details
2025-03-11 08:58:31,095 [WARNING] Partial data saved after scraping 990 college details
2025-03-11 08:58:31,238 [WARNING] Partial data saved after scraping 1000 college details
2025-03-11 08:58:31,402 [WARNING] Partial data saved after scraping 1010 college details
2025-03-11 08:58:31,584 [WARNING] Partial data saved after scraping 1020 college details
2025-03-11 08:58:31,812 [WARNING] Partial data saved after scraping 1030 college details
2025-03-11 08:58:32,056 [WARNING] Partial data saved after scraping 1040 college details
2025-03-11 08:58:33,116 [WARNING] Partial data saved after scraping 1050 college details
2025-03-11 08:58:33,886 [WARNING] Partial data saved after scraping 1060 college details
2025-03-11 08:58:34,941 [WARNING] Partial data saved after scraping 1070 college details
2025-03-11 08:58:35,431 [WARNING] Partial data saved after scraping 1080 college details
2025-03-11 08:58:35,622 [WARNING] Partial data saved after scraping 1090 college details
2025-03-11 08:58:35,790 [WARNING] Partial data saved after scraping 1100 college details
2025-03-11 08:58:35,939 [WARNING] Partial data saved after scraping 1110 college details
2025-03-11 09:04:13,965 [WARNING] Partial data saved after scraping 1120 college details
2025-03-11 09:04:14,090 [WARNING] Partial data saved after scraping 1130 college details
2025-03-11 09:04:14,200 [WARNING] Partial data saved after scraping 1140 college details
2025-03-11 09:04:14,304 [WARNING] Partial data saved after scraping 1150 college details
2025-03-11 09:04:14,451 [WARNING] Partial data saved after scraping 1160 college details
2025-03-11 09:04:14,583 [WARNING] Partial data saved after scraping 1170 college details
2025-03-11 09:04:14,708 [WARNING] Partial data saved after scraping 1180 college details
2025-03-11 09:04:14,827 [WARNING] Partial data saved after scraping 1190 college details
2025-03-11 09:04:15,179 [WARNING] Partial data saved after scraping 1200 college details
2025-03-11 09:10:07,622 [WARNING] Partial data saved after scraping 1210 college details
2025-03-11 09:10:07,774 [WARNING] Partial data saved after scraping 1220 college details
2025-03-11 09:10:07,903 [WARNING] Partial data saved after scraping 1230 college details
2025-03-11 09:10:08,077 [WARNING] Partial data saved after scraping 1240 college details
2025-03-11 09:10:08,217 [WARNING] Partial data saved after scraping 1250 college details
2025-03-11 09:10:08,391 [WARNING] Partial data saved after scraping 1260 college details
2025-03-11 09:10:08,761 [WARNING] Partial data saved after scraping 1270 college details
2025-03-11 09:10:09,069 [WARNING] Partial data saved after scraping 1280 college details
2025-03-11 09:10:09,214 [WARNING] Partial data saved after scraping 1290 college details
2025-03-11 09:17:00,493 [WARNING] Partial data saved after scraping 1300 college details
2025-03-11 09:17:00,639 [WARNING] Partial data saved after scraping 1310 college details
2025-03-11 09:17:00,761 [WARNING] Partial data saved after scraping 1320 college details
2025-03-11 09:17:00,928 [WARNING] Partial data saved after scraping 1330 college details
2025-03-11 09:17:01,082 [WARNING] Partial data saved after scraping 1340 college details
2025-03-11 09:17:01,201 [WARNING] Partial data saved after scraping 1350 college details
2025-03-11 09:17:01,340 [WARNING] Partial data saved after scraping 1360 college details
2025-03-11 09:17:01,565 [WARNING] Partial data saved after scraping 1370 college details
2025-03-11 09:17:01,760 [WARNING] Partial data saved after scraping 1380 college details
2025-03-11 09:17:01,895 [WARNING] Partial data saved after scraping 1390 college details
2025-03-11 09:17:02,010 [WARNING] Partial data saved after scraping 1400 college details
2025-03-11 09:24:47,895 [WARNING] Partial data saved after scraping 1410 college details
2025-03-11 09:24:48,103 [WARNING] Partial data saved after scraping 1420 college details
2025-03-11 09:24:48,275 [WARNING] Partial data saved after scraping 1430 college details
2025-03-11 09:24:48,542 [WARNING] Partial data saved after scraping 1440 college details
2025-03-11 09:24:48,928 [WARNING] Partial data saved after scraping 1450 college details
2025-03-11 09:24:49,302 [WARNING] Partial data saved after scraping 1460 college details
2025-03-11 09:24:49,551 [WARNING] Partial data saved after scraping 1470 college details
2025-03-11 09:24:49,877 [WARNING] Partial data saved after scraping 1480 college details
2025-03-11 09:24:49,994 [WARNING] Partial data saved after scraping 1490 college details
2025-03-11 09:24:50,101 [WARNING] Partial data saved after scraping 1500 college details
2025-03-11 09:24:50,301 [WARNING] Partial data saved after scraping 1510 college details
2025-03-11 09:47:31,309 [ERROR] Error fetching details for Bansara Institute of Ophthalmic Sciences, Shillong: list index out of range
2025-03-11 09:51:10,523 [ERROR] Error fetching details for Barsahi Panchayat Samiti College, Mayurbhanj: Message: timeout: Timed out receiving message from renderer: -0.003
  (Session info: chrome=133.0.6943.143)
Stacktrace:
	GetHandleVerifier [0x009A0B43+25139]
	(No symbol) [0x009313F4]
	(No symbol) [0x008104E3]
	(No symbol) [0x0080116B]
	(No symbol) [0x00800EA1]
	(No symbol) [0x007FED80]
	(No symbol) [0x007FF92D]
	(No symbol) [0x0080BDF9]
	(No symbol) [0x0081D2B5]
	(No symbol) [0x00822BA6]
	(No symbol) [0x007FFF3D]
	(No symbol) [0x0081D07E]
	(No symbol) [0x0089E687]
	(No symbol) [0x0087CDC6]
	(No symbol) [0x0084BDE9]
	(No symbol) [0x0084D124]
	GetHandleVerifier [0x00CA4373+3185251]
	GetHandleVerifier [0x00CC291A+3309578]
	GetHandleVerifier [0x00CBCF42+3286578]
	GetHandleVerifier [0x00A37AE0+643536]
	(No symbol) [0x0093A20D]
	(No symbol) [0x009370B8]
	(No symbol) [0x00937257]
	(No symbol) [0x00929E00]
	BaseThreadInitThunk [0x7700FCC9+25]
	RtlGetAppContainerNamedObjectPath [0x77BF82AE+286]
	RtlGetAppContainerNamedObjectPath [0x77BF827E+238]

2025-03-11 09:59:51,101 [WARNING] Partial data saved after scraping 1520 college details
2025-03-11 09:59:51,279 [WARNING] Partial data saved after scraping 1530 college details
2025-03-11 09:59:51,465 [WARNING] Partial data saved after scraping 1540 college details
2025-03-11 09:59:51,677 [WARNING] Partial data saved after scraping 1550 college details
2025-03-11 09:59:51,837 [WARNING] Partial data saved after scraping 1560 college details
2025-03-11 09:59:51,995 [WARNING] Partial data saved after scraping 1570 college details
2025-03-11 09:59:52,131 [WARNING] Partial data saved after scraping 1580 college details
2025-03-11 09:59:52,344 [WARNING] Partial data saved after scraping 1590 college details
2025-03-11 09:59:52,694 [WARNING] Partial data saved after scraping 1600 college details
2025-03-11 09:59:52,865 [WARNING] Partial data saved after scraping 1610 college details
2025-03-11 09:59:53,006 [WARNING] Partial data saved after scraping 1620 college details
2025-03-11 09:59:53,131 [WARNING] Partial data saved after scraping 1630 college details
2025-03-11 09:59:53,286 [WARNING] Partial data saved after scraping 1640 college details
2025-03-11 09:59:53,429 [WARNING] Partial data saved after scraping 1650 college details
2025-03-11 09:59:53,566 [WARNING] Partial data saved after scraping 1660 college details
2025-03-11 09:59:53,977 [WARNING] Partial data saved after scraping 1670 college details
2025-03-11 09:59:54,471 [WARNING] Partial data saved after scraping 1680 college details
2025-03-11 09:59:54,823 [WARNING] Partial data saved after scraping 1690 college details
2025-03-11 09:59:54,990 [WARNING] Partial data saved after scraping 1700 college details
2025-03-11 09:59:55,165 [WARNING] Partial data saved after scraping 1710 college details
2025-03-11 09:59:55,286 [WARNING] Partial data saved after scraping 1720 college details
2025-03-11 09:59:55,420 [WARNING] Partial data saved after scraping 1730 college details
2025-03-11 09:59:55,611 [WARNING] Partial data saved after scraping 1740 college details
2025-03-11 09:59:56,038 [WARNING] Partial data saved after scraping 1750 college details
2025-03-11 09:59:56,763 [WARNING] Partial data saved after scraping 1760 college details
2025-03-11 09:59:57,808 [WARNING] Partial data saved after scraping 1770 college details
2025-03-11 09:59:58,526 [WARNING] Partial data saved after scraping 1780 college details
2025-03-11 09:59:59,051 [WARNING] Partial data saved after scraping 1790 college details
2025-03-11 09:59:59,272 [WARNING] Partial data saved after scraping 1800 college details
2025-03-11 09:59:59,428 [WARNING] Partial data saved after scraping 1810 college details
2025-03-11 09:59:59,574 [WARNING] Partial data saved after scraping 1820 college details
2025-03-11 09:59:59,722 [WARNING] Partial data saved after scraping 1830 college details
2025-03-11 09:59:59,868 [WARNING] Partial data saved after scraping 1840 college details
2025-03-11 10:00:00,131 [WARNING] Partial data saved after scraping 1850 college details
2025-03-11 10:00:00,512 [WARNING] Partial data saved after scraping 1860 college details
2025-03-11 10:00:00,653 [WARNING] Partial data saved after scraping 1870 college details
2025-03-11 10:00:00,775 [WARNING] Partial data saved after scraping 1880 college details
2025-03-11 10:00:00,899 [WARNING] Partial data saved after scraping 1890 college details
2025-03-11 10:00:00,994 [WARNING] Partial data saved after scraping 1900 college details
2025-03-11 10:00:01,182 [WARNING] Partial data saved after scraping 1910 college details
2025-03-11 10:00:01,400 [WARNING] Partial data saved after scraping 1920 college details
2025-03-11 10:00:01,620 [WARNING] Partial data saved after scraping 1930 college details
2025-03-11 10:00:01,804 [WARNING] Partial data saved after scraping 1940 college details
2025-03-11 10:00:01,928 [WARNING] Partial data saved after scraping 1950 college details
2025-03-11 10:00:02,090 [WARNING] Partial data saved after scraping 1960 college details
2025-03-11 10:00:02,215 [WARNING] Partial data saved after scraping 1970 college details
2025-03-11 10:00:02,337 [WARNING] Partial data saved after scraping 1980 college details
2025-03-11 10:00:02,448 [WARNING] Partial data saved after scraping 1990 college details
2025-03-11 10:00:02,563 [WARNING] Partial data saved after scraping 2000 college details
2025-03-11 10:00:02,671 [WARNING] Partial data saved after scraping 2010 college details
2025-03-11 10:00:02,777 [WARNING] Partial data saved after scraping 2020 college details
2025-03-11 10:00:02,884 [WARNING] Partial data saved after scraping 2030 college details
2025-03-11 10:00:03,010 [WARNING] Partial data saved after scraping 2040 college details
2025-03-11 10:00:03,127 [WARNING] Partial data saved after scraping 2050 college details
2025-03-11 10:07:46,599 [ERROR] Error fetching details for Bharat Institute of Technology, Ibrahimpatnam: Message: timeout: Timed out receiving message from renderer: -0.008
  (Session info: chrome=133.0.6943.143)
Stacktrace:
	GetHandleVerifier [0x009A0B43+25139]
	(No symbol) [0x009313F4]
	(No symbol) [0x008104E3]
	(No symbol) [0x0080116B]
	(No symbol) [0x00800EA1]
	(No symbol) [0x007FED80]
	(No symbol) [0x007FF92D]
	(No symbol) [0x0080BDF9]
	(No symbol) [0x0081D2B5]
	(No symbol) [0x00822BA6]
	(No symbol) [0x007FFF3D]
	(No symbol) [0x0081D07E]
	(No symbol) [0x0089E687]
	(No symbol) [0x0087CDC6]
	(No symbol) [0x0084BDE9]
	(No symbol) [0x0084D124]
	GetHandleVerifier [0x00CA4373+3185251]
	GetHandleVerifier [0x00CC291A+3309578]
	GetHandleVerifier [0x00CBCF42+3286578]
	GetHandleVerifier [0x00A37AE0+643536]
	(No symbol) [0x0093A20D]
	(No symbol) [0x009370B8]
	(No symbol) [0x00937257]
	(No symbol) [0x00929E00]
	BaseThreadInitThunk [0x7700FCC9+25]
	RtlGetAppContainerNamedObjectPath [0x77BF82AE+286]
	RtlGetAppContainerNamedObjectPath [0x77BF827E+238]

2025-03-11 10:15:40,477 [WARNING] Partial data saved after scraping 2060 college details
2025-03-11 10:15:40,829 [WARNING] Partial data saved after scraping 2070 college details
2025-03-11 10:15:41,315 [WARNING] Partial data saved after scraping 2080 college details
2025-03-11 10:15:41,652 [WARNING] Partial data saved after scraping 2090 college details
2025-03-11 10:15:41,900 [WARNING] Partial data saved after scraping 2100 college details
2025-03-11 10:15:42,120 [WARNING] Partial data saved after scraping 2110 college details
2025-03-11 10:15:42,260 [WARNING] Partial data saved after scraping 2120 college details
2025-03-11 10:15:42,400 [WARNING] Partial data saved after scraping 2130 college details
2025-03-11 10:15:42,777 [WARNING] Partial data saved after scraping 2140 college details
2025-03-11 10:15:43,287 [WARNING] Partial data saved after scraping 2150 college details
2025-03-11 10:15:44,048 [WARNING] Partial data saved after scraping 2160 college details
2025-03-11 10:15:44,617 [WARNING] Partial data saved after scraping 2170 college details
2025-03-11 10:15:45,037 [WARNING] Partial data saved after scraping 2180 college details
2025-03-11 10:15:45,312 [WARNING] Partial data saved after scraping 2190 college details
2025-03-11 10:15:45,585 [WARNING] Partial data saved after scraping 2200 college details
2025-03-11 10:15:45,814 [WARNING] Partial data saved after scraping 2210 college details
2025-03-11 10:15:46,110 [WARNING] Partial data saved after scraping 2220 college details
2025-03-11 10:15:46,390 [WARNING] Partial data saved after scraping 2230 college details
2025-03-11 10:15:46,553 [WARNING] Partial data saved after scraping 2240 college details
2025-03-11 10:15:46,698 [WARNING] Partial data saved after scraping 2250 college details
2025-03-11 10:15:46,950 [WARNING] Partial data saved after scraping 2260 college details
2025-03-11 10:15:47,118 [WARNING] Partial data saved after scraping 2270 college details
2025-03-11 10:15:47,284 [WARNING] Partial data saved after scraping 2280 college details
2025-03-11 10:23:17,694 [ERROR] Error fetching details for Bishnupur Public School and College of Nursing, Bishnupur: Message: timeout: Timed out receiving message from renderer: -0.015
  (Session info: chrome=133.0.6943.143)
Stacktrace:
	GetHandleVerifier [0x009A0B43+25139]
	(No symbol) [0x009313F4]
	(No symbol) [0x008104E3]
	(No symbol) [0x0080116B]
	(No symbol) [0x00800EA1]
	(No symbol) [0x007FED80]
	(No symbol) [0x007FF92D]
	(No symbol) [0x0080BDF9]
	(No symbol) [0x0081D2B5]
	(No symbol) [0x00822BA6]
	(No symbol) [0x007FFF3D]
	(No symbol) [0x0081D07E]
	(No symbol) [0x0089E687]
	(No symbol) [0x0087CDC6]
	(No symbol) [0x0084BDE9]
	(No symbol) [0x0084D124]
	GetHandleVerifier [0x00CA4373+3185251]
	GetHandleVerifier [0x00CC291A+3309578]
	GetHandleVerifier [0x00CBCF42+3286578]
	GetHandleVerifier [0x00A37AE0+643536]
	(No symbol) [0x0093A20D]
	(No symbol) [0x009370B8]
	(No symbol) [0x00937257]
	(No symbol) [0x00929E00]
	BaseThreadInitThunk [0x7700FCC9+25]
	RtlGetAppContainerNamedObjectPath [0x77BF82AE+286]
	RtlGetAppContainerNamedObjectPath [0x77BF827E+238]

2025-03-11 10:32:36,151 [WARNING] Partial data saved after scraping 2290 college details
2025-03-11 10:32:36,224 [WARNING] Partial data saved after scraping 2300 college details
2025-03-11 10:32:36,292 [WARNING] Partial data saved after scraping 2310 college details
2025-03-11 10:32:36,367 [WARNING] Partial data saved after scraping 2320 college details
2025-03-11 10:32:36,434 [WARNING] Partial data saved after scraping 2330 college details
2025-03-11 10:32:36,499 [WARNING] Partial data saved after scraping 2340 college details
2025-03-11 10:32:36,566 [WARNING] Partial data saved after scraping 2350 college details
2025-03-11 10:32:36,632 [WARNING] Partial data saved after scraping 2360 college details
2025-03-11 10:32:36,699 [WARNING] Partial data saved after scraping 2370 college details
2025-03-11 10:32:36,765 [WARNING] Partial data saved after scraping 2380 college details
2025-03-11 10:32:36,833 [WARNING] Partial data saved after scraping 2390 college details
2025-03-11 10:32:36,902 [WARNING] Partial data saved after scraping 2400 college details
2025-03-11 10:32:36,968 [WARNING] Partial data saved after scraping 2410 college details
2025-03-11 10:32:37,035 [WARNING] Partial data saved after scraping 2420 college details
2025-03-11 10:32:37,101 [WARNING] Partial data saved after scraping 2430 college details
2025-03-11 10:32:37,170 [WARNING] Partial data saved after scraping 2440 college details
2025-03-11 10:32:37,238 [WARNING] Partial data saved after scraping 2450 college details
2025-03-11 10:32:37,307 [WARNING] Partial data saved after scraping 2460 college details
2025-03-11 10:32:37,374 [WARNING] Partial data saved after scraping 2470 college details
2025-03-11 10:32:37,442 [WARNING] Partial data saved after scraping 2480 college details
2025-03-11 10:32:37,508 [WARNING] Partial data saved after scraping 2490 college details
2025-03-11 10:32:37,575 [WARNING] Partial data saved after scraping 2500 college details
2025-03-11 10:32:37,654 [WARNING] Final data saved to output/careers360_colleges.csv
2025-03-11 10:32:37,658 [WARNING] Total execution time: 10499.20 seconds
2025-03-12 07:10:42,546 [INFO] HTTP Request: GET https://www.careers360.com/colleges/india-colleges-fctp?page=2&degree=64,2,72,14,6,65,100,101,150,75,168,9,211&sort_by=3 "HTTP/1.1 200 OK"
2025-03-12 07:10:42,553 [INFO] HTTP Request: GET https://www.careers360.com/colleges/india-colleges-fctp?page=1&degree=64,2,72,14,6,65,100,101,150,75,168,9,211&sort_by=3 "HTTP/1.1 200 OK"
2025-03-12 07:10:44,079 [INFO] Partial data saved after scraping page 2
2025-03-12 07:10:44,082 [INFO] ====== WebDriver manager ======
2025-03-12 07:10:44,083 [INFO] ====== WebDriver manager ======
2025-03-12 07:10:44,083 [INFO] ====== WebDriver manager ======
2025-03-12 07:10:44,084 [INFO] ====== WebDriver manager ======
2025-03-12 07:10:44,085 [INFO] ====== WebDriver manager ======
2025-03-12 07:10:44,086 [INFO] ====== WebDriver manager ======
2025-03-12 07:10:49,186 [INFO] Get LATEST chromedriver version for google-chrome
2025-03-12 07:10:49,247 [INFO] Get LATEST chromedriver version for google-chrome
2025-03-12 07:10:49,251 [INFO] Get LATEST chromedriver version for google-chrome
2025-03-12 07:10:49,265 [INFO] Get LATEST chromedriver version for google-chrome
2025-03-12 07:10:49,341 [INFO] Get LATEST chromedriver version for google-chrome
2025-03-12 07:10:49,349 [INFO] Get LATEST chromedriver version for google-chrome
2025-03-12 07:10:49,407 [INFO] Get LATEST chromedriver version for google-chrome
2025-03-12 07:10:49,408 [INFO] Get LATEST chromedriver version for google-chrome
2025-03-12 07:10:49,410 [INFO] Get LATEST chromedriver version for google-chrome
2025-03-12 07:10:49,411 [INFO] Get LATEST chromedriver version for google-chrome
2025-03-12 07:10:49,460 [INFO] Get LATEST chromedriver version for google-chrome
2025-03-12 07:10:49,470 [INFO] Get LATEST chromedriver version for google-chrome
2025-03-12 07:10:49,548 [INFO] Get LATEST chromedriver version for google-chrome
2025-03-12 07:10:49,549 [INFO] Get LATEST chromedriver version for google-chrome
2025-03-12 07:10:49,555 [INFO] Get LATEST chromedriver version for google-chrome
2025-03-12 07:10:49,569 [INFO] Get LATEST chromedriver version for google-chrome
2025-03-12 07:10:49,585 [INFO] Get LATEST chromedriver version for google-chrome
2025-03-12 07:10:49,839 [INFO] WebDriver version 133.0.6943.141 selected
2025-03-12 07:10:49,862 [INFO] Modern chrome version https://storage.googleapis.com/chrome-for-testing-public/133.0.6943.141/win32/chromedriver-win32.zip
2025-03-12 07:10:49,872 [INFO] About to download new driver from https://storage.googleapis.com/chrome-for-testing-public/133.0.6943.141/win32/chromedriver-win32.zip
2025-03-12 07:10:50,002 [INFO] WebDriver version 133.0.6943.141 selected
2025-03-12 07:10:50,004 [INFO] WebDriver version 133.0.6943.141 selected
2025-03-12 07:10:50,005 [INFO] WebDriver version 133.0.6943.141 selected
2025-03-12 07:10:50,018 [INFO] Modern chrome version https://storage.googleapis.com/chrome-for-testing-public/133.0.6943.141/win32/chromedriver-win32.zip
2025-03-12 07:10:50,056 [INFO] Modern chrome version https://storage.googleapis.com/chrome-for-testing-public/133.0.6943.141/win32/chromedriver-win32.zip
2025-03-12 07:10:50,058 [INFO] WebDriver version 133.0.6943.141 selected
2025-03-12 07:10:50,071 [INFO] Modern chrome version https://storage.googleapis.com/chrome-for-testing-public/133.0.6943.141/win32/chromedriver-win32.zip
2025-03-12 07:10:50,071 [INFO] About to download new driver from https://storage.googleapis.com/chrome-for-testing-public/133.0.6943.141/win32/chromedriver-win32.zip
2025-03-12 07:10:50,072 [INFO] About to download new driver from https://storage.googleapis.com/chrome-for-testing-public/133.0.6943.141/win32/chromedriver-win32.zip
2025-03-12 07:10:50,080 [INFO] Modern chrome version https://storage.googleapis.com/chrome-for-testing-public/133.0.6943.141/win32/chromedriver-win32.zip
2025-03-12 07:10:50,080 [INFO] About to download new driver from https://storage.googleapis.com/chrome-for-testing-public/133.0.6943.141/win32/chromedriver-win32.zip
2025-03-12 07:10:50,085 [INFO] About to download new driver from https://storage.googleapis.com/chrome-for-testing-public/133.0.6943.141/win32/chromedriver-win32.zip
2025-03-12 07:10:50,161 [INFO] Driver downloading response is 200
2025-03-12 07:10:50,175 [INFO] Driver downloading response is 200
2025-03-12 07:10:50,178 [INFO] Driver downloading response is 200
2025-03-12 07:10:50,181 [INFO] Driver downloading response is 200
2025-03-12 07:10:50,187 [INFO] Driver downloading response is 200
2025-03-12 07:10:50,533 [INFO] Get LATEST chromedriver version for google-chrome
2025-03-12 07:10:50,854 [INFO] WebDriver version 133.0.6943.141 selected
2025-03-12 07:10:50,858 [INFO] Modern chrome version https://storage.googleapis.com/chrome-for-testing-public/133.0.6943.141/win32/chromedriver-win32.zip
2025-03-12 07:10:50,862 [INFO] About to download new driver from https://storage.googleapis.com/chrome-for-testing-public/133.0.6943.141/win32/chromedriver-win32.zip
2025-03-12 07:10:51,214 [INFO] Driver downloading response is 200
2025-03-12 07:10:54,258 [INFO] Get LATEST chromedriver version for google-chrome
2025-03-12 07:10:55,032 [INFO] Driver has been saved in cache [C:\Users\Mayank Bankoti\.wdm\drivers\chromedriver\win64\133.0.6943.141]
2025-03-12 07:10:55,380 [INFO] Get LATEST chromedriver version for google-chrome
2025-03-12 07:10:55,549 [INFO] Driver has been saved in cache [C:\Users\Mayank Bankoti\.wdm\drivers\chromedriver\win64\133.0.6943.141]
2025-03-12 07:10:56,838 [INFO] Get LATEST chromedriver version for google-chrome
2025-03-12 07:10:57,520 [INFO] Driver has been saved in cache [C:\Users\Mayank Bankoti\.wdm\drivers\chromedriver\win64\133.0.6943.141]
2025-03-12 07:10:57,975 [INFO] Get LATEST chromedriver version for google-chrome
2025-03-12 07:10:58,160 [INFO] ====== WebDriver manager ======
2025-03-12 07:10:58,271 [INFO] Get LATEST chromedriver version for google-chrome
2025-03-12 07:10:58,461 [INFO] ====== WebDriver manager ======
2025-03-12 07:10:58,636 [INFO] Get LATEST chromedriver version for google-chrome
2025-03-12 07:10:58,925 [INFO] ====== WebDriver manager ======
2025-03-12 07:11:08,683 [INFO] Get LATEST chromedriver version for google-chrome
2025-03-12 07:11:08,708 [INFO] Get LATEST chromedriver version for google-chrome
2025-03-12 07:11:08,798 [INFO] Get LATEST chromedriver version for google-chrome
2025-03-12 07:11:08,821 [INFO] Get LATEST chromedriver version for google-chrome
2025-03-12 07:11:08,833 [INFO] Get LATEST chromedriver version for google-chrome
2025-03-12 07:11:08,915 [INFO] Driver [C:\Users\Mayank Bankoti\.wdm\drivers\chromedriver\win64\133.0.6943.141\chromedriver-win32/chromedriver.exe] found in cache
2025-03-12 07:11:08,956 [INFO] Get LATEST chromedriver version for google-chrome
2025-03-12 07:11:08,960 [INFO] Driver [C:\Users\Mayank Bankoti\.wdm\drivers\chromedriver\win64\133.0.6943.141\chromedriver-win32/chromedriver.exe] found in cache
2025-03-12 07:11:09,081 [INFO] Driver [C:\Users\Mayank Bankoti\.wdm\drivers\chromedriver\win64\133.0.6943.141\chromedriver-win32/chromedriver.exe] found in cache
2025-03-12 07:16:30,813 [INFO] HTTP Request: GET https://www.careers360.com/colleges/india-colleges-fctp?page=2&degree=64,2,72,14,6,65,100,101,150,75,168,9,211&sort_by=3 "HTTP/1.1 200 OK"
2025-03-12 07:16:31,207 [INFO] HTTP Request: GET https://www.careers360.com/colleges/india-colleges-fctp?page=1&degree=64,2,72,14,6,65,100,101,150,75,168,9,211&sort_by=3 "HTTP/1.1 200 OK"
2025-03-12 07:16:32,353 [INFO] Partial data saved after scraping page 2
2025-03-12 07:17:29,300 [INFO] Partial data saved after scraping 10 college details
2025-03-12 07:19:07,274 [INFO] Partial data saved after scraping 20 college details
2025-03-12 07:19:39,414 [INFO] Partial data saved after scraping 30 college details
2025-03-12 07:20:09,283 [INFO] Partial data saved after scraping 40 college details
2025-03-12 07:25:40,919 [INFO] Partial data saved after scraping 50 college details
2025-03-12 07:25:40,926 [INFO] Partial data saved after scraping 60 college details
2025-03-12 07:25:40,934 [INFO] Partial data saved after scraping 70 college details
2025-03-12 07:25:40,941 [INFO] Partial data saved after scraping 80 college details
2025-03-12 07:25:40,948 [INFO] Partial data saved after scraping 90 college details
2025-03-12 07:25:40,955 [INFO] Partial data saved after scraping 100 college details
2025-03-12 07:25:40,962 [INFO] Final data saved to output/careers360_colleges_20250312_072540.csv
2025-03-12 07:25:40,963 [INFO] Total execution time: 551.16 seconds
2025-03-12 07:28:09,208 [INFO] HTTP Request: GET https://www.careers360.com/colleges/india-colleges-fctp?page=1&degree=64,2,72,14,6,65,100,101,150,75,168,9,211&sort_by=3 "HTTP/1.1 200 OK"
2025-03-12 07:28:09,593 [INFO] HTTP Request: GET https://www.careers360.com/colleges/india-colleges-fctp?page=2&degree=64,2,72,14,6,65,100,101,150,75,168,9,211&sort_by=3 "HTTP/1.1 200 OK"
2025-03-12 07:28:10,700 [INFO] Partial data saved after scraping page 2
2025-03-12 07:29:05,894 [INFO] Partial data saved after scraping 10 college details
2025-03-12 07:34:28,486 [INFO] HTTP Request: GET https://www.careers360.com/colleges/india-colleges-fctp?page=1&degree=64,2,72,14,6,65,100,101,150,75,168,9,211&sort_by=3 "HTTP/1.1 200 OK"
2025-03-12 07:34:28,881 [INFO] HTTP Request: GET https://www.careers360.com/colleges/india-colleges-fctp?page=2&degree=64,2,72,14,6,65,100,101,150,75,168,9,211&sort_by=3 "HTTP/1.1 200 OK"
2025-03-12 07:34:30,013 [INFO] Partial data saved after scraping page 2
2025-03-12 07:35:27,974 [INFO] Partial data saved after scraping 10 college details
2025-03-12 07:37:09,052 [INFO] Partial data saved after scraping 20 college details
2025-03-12 07:37:23,213 [INFO] Partial data saved after scraping 30 college details
2025-03-12 07:38:00,366 [ERROR] Error fetching details for Bharathiar University - Bharathiar University, Coimbatore: Message: tab crashed
  (Session info: chrome=133.0.6943.143)
Stacktrace:
	GetHandleVerifier [0x00260B43+25139]
	(No symbol) [0x001F13F4]
	(No symbol) [0x000D0340]
	(No symbol) [0x000C2193]
	(No symbol) [0x000C15F7]
	(No symbol) [0x000C1193]
	(No symbol) [0x000C0EA1]
	(No symbol) [0x000BED80]
	(No symbol) [0x000BF92D]
	(No symbol) [0x000CC406]
	(No symbol) [0x000DD2B5]
	(No symbol) [0x000E2BA6]
	(No symbol) [0x000BFF3D]
	(No symbol) [0x000DCE65]
	(No symbol) [0x0015EA66]
	(No symbol) [0x0013CDC6]
	(No symbol) [0x0010BDE9]
	(No symbol) [0x0010D124]
	GetHandleVerifier [0x00564373+3185251]
	GetHandleVerifier [0x0058291A+3309578]
	GetHandleVerifier [0x0057CF42+3286578]
	GetHandleVerifier [0x002F7AE0+643536]
	(No symbol) [0x001FA20D]
	(No symbol) [0x001F70B8]
	(No symbol) [0x001F7257]
	(No symbol) [0x001E9E00]
	BaseThreadInitThunk [0x7700FCC9+25]
	RtlGetAppContainerNamedObjectPath [0x77BF82AE+286]
	RtlGetAppContainerNamedObjectPath [0x77BF827E+238]
	(No symbol) [0x00000000]

2025-03-12 07:44:07,813 [INFO] HTTP Request: GET https://www.careers360.com/colleges/india-colleges-fctp?page=2&degree=64,2,72,14,6,65,100,101,150,75,168,9,211&sort_by=3 "HTTP/1.1 200 OK"
2025-03-12 07:44:08,195 [INFO] HTTP Request: GET https://www.careers360.com/colleges/india-colleges-fctp?page=1&degree=64,2,72,14,6,65,100,101,150,75,168,9,211&sort_by=3 "HTTP/1.1 200 OK"
2025-03-12 07:44:09,343 [INFO] Partial data saved after scraping page 2
2025-03-12 07:45:08,123 [INFO] Partial data saved after scraping 10 college details
2025-03-12 07:51:04,939 [INFO] HTTP Request: GET https://www.careers360.com/colleges/india-colleges-fctp?page=2&degree=72,14,6,101,150,168,9,184,76,154,215,191,73&sort_by=3 "HTTP/1.1 200 OK"
2025-03-12 07:51:05,304 [INFO] HTTP Request: GET https://www.careers360.com/colleges/india-colleges-fctp?page=1&degree=72,14,6,101,150,168,9,184,76,154,215,191,73&sort_by=3 "HTTP/1.1 200 OK"
2025-03-12 07:51:06,443 [INFO] Partial data saved after scraping page 2
2025-03-12 07:52:04,935 [INFO] Partial data saved after scraping 10 college details
2025-03-12 07:56:32,508 [INFO] HTTP Request: GET https://www.careers360.com/colleges/india-colleges-fctp?page=2&degree=72,14,6,101,150,168,9,184,76,154,215,191,73&sort_by=3 "HTTP/1.1 200 OK"
2025-03-12 07:56:32,906 [INFO] HTTP Request: GET https://www.careers360.com/colleges/india-colleges-fctp?page=1&degree=72,14,6,101,150,168,9,184,76,154,215,191,73&sort_by=3 "HTTP/1.1 200 OK"
2025-03-12 07:56:34,352 [INFO] HTTP Request: GET https://www.careers360.com/colleges/india-colleges-fctp?page=6&degree=72,14,6,101,150,168,9,184,76,154,215,191,73&sort_by=3 "HTTP/1.1 200 OK"
2025-03-12 07:56:34,780 [INFO] HTTP Request: GET https://www.careers360.com/colleges/india-colleges-fctp?page=5&degree=72,14,6,101,150,168,9,184,76,154,215,191,73&sort_by=3 "HTTP/1.1 200 OK"
2025-03-12 07:56:35,187 [INFO] HTTP Request: GET https://www.careers360.com/colleges/india-colleges-fctp?page=7&degree=72,14,6,101,150,168,9,184,76,154,215,191,73&sort_by=3 "HTTP/1.1 200 OK"
2025-03-12 07:56:35,526 [INFO] HTTP Request: GET https://www.careers360.com/colleges/india-colleges-fctp?page=4&degree=72,14,6,101,150,168,9,184,76,154,215,191,73&sort_by=3 "HTTP/1.1 200 OK"
2025-03-12 07:56:35,528 [INFO] HTTP Request: GET https://www.careers360.com/colleges/india-colleges-fctp?page=3&degree=72,14,6,101,150,168,9,184,76,154,215,191,73&sort_by=3 "HTTP/1.1 200 OK"
2025-03-12 07:56:37,644 [INFO] HTTP Request: GET https://www.careers360.com/colleges/india-colleges-fctp?page=8&degree=72,14,6,101,150,168,9,184,76,154,215,191,73&sort_by=3 "HTTP/1.1 200 OK"
2025-03-12 07:56:37,662 [INFO] HTTP Request: GET https://www.careers360.com/colleges/india-colleges-fctp?page=10&degree=72,14,6,101,150,168,9,184,76,154,215,191,73&sort_by=3 "HTTP/1.1 200 OK"
2025-03-12 07:56:38,236 [INFO] HTTP Request: GET https://www.careers360.com/colleges/india-colleges-fctp?page=9&degree=72,14,6,101,150,168,9,184,76,154,215,191,73&sort_by=3 "HTTP/1.1 200 OK"
2025-03-12 07:56:39,535 [INFO] HTTP Request: GET https://www.careers360.com/colleges/india-colleges-fctp?page=12&degree=72,14,6,101,150,168,9,184,76,154,215,191,73&sort_by=3 "HTTP/1.1 200 OK"
2025-03-12 07:56:39,565 [INFO] HTTP Request: GET https://www.careers360.com/colleges/india-colleges-fctp?page=11&degree=72,14,6,101,150,168,9,184,76,154,215,191,73&sort_by=3 "HTTP/1.1 200 OK"
2025-03-12 07:56:40,512 [INFO] HTTP Request: GET https://www.careers360.com/colleges/india-colleges-fctp?page=15&degree=72,14,6,101,150,168,9,184,76,154,215,191,73&sort_by=3 "HTTP/1.1 200 OK"
2025-03-12 07:56:41,097 [INFO] HTTP Request: GET https://www.careers360.com/colleges/india-colleges-fctp?page=13&degree=72,14,6,101,150,168,9,184,76,154,215,191,73&sort_by=3 "HTTP/1.1 200 OK"
2025-03-12 07:56:41,851 [INFO] HTTP Request: GET https://www.careers360.com/colleges/india-colleges-fctp?page=14&degree=72,14,6,101,150,168,9,184,76,154,215,191,73&sort_by=3 "HTTP/1.1 200 OK"
2025-03-12 07:56:42,647 [INFO] HTTP Request: GET https://www.careers360.com/colleges/india-colleges-fctp?page=17&degree=72,14,6,101,150,168,9,184,76,154,215,191,73&sort_by=3 "HTTP/1.1 200 OK"
2025-03-12 07:56:42,681 [INFO] HTTP Request: GET https://www.careers360.com/colleges/india-colleges-fctp?page=18&degree=72,14,6,101,150,168,9,184,76,154,215,191,73&sort_by=3 "HTTP/1.1 200 OK"
2025-03-12 07:56:43,673 [INFO] HTTP Request: GET https://www.careers360.com/colleges/india-colleges-fctp?page=16&degree=72,14,6,101,150,168,9,184,76,154,215,191,73&sort_by=3 "HTTP/1.1 200 OK"
2025-03-12 07:56:44,205 [INFO] HTTP Request: GET https://www.careers360.com/colleges/india-colleges-fctp?page=19&degree=72,14,6,101,150,168,9,184,76,154,215,191,73&sort_by=3 "HTTP/1.1 200 OK"
2025-03-12 07:56:49,429 [INFO] Partial data saved after scraping page 5
2025-03-12 07:56:51,240 [INFO] Partial data saved after scraping page 10
2025-03-12 07:56:53,000 [INFO] Partial data saved after scraping page 15
2025-03-12 07:56:54,353 [INFO] Partial data saved after scraping page 19
2025-03-12 07:57:57,617 [INFO] Partial data saved after scraping 10 college details
2025-03-12 07:59:49,916 [INFO] Partial data saved after scraping 20 college details
2025-03-12 08:01:16,424 [INFO] Partial data saved after scraping 30 college details
2025-03-12 08:01:16,518 [INFO] Partial data saved after scraping 40 college details
2025-03-12 08:02:21,522 [INFO] Partial data saved after scraping 50 college details
2025-03-12 08:02:43,928 [INFO] Partial data saved after scraping 60 college details
2025-03-12 08:03:33,240 [INFO] Partial data saved after scraping 70 college details
2025-03-12 08:06:00,871 [INFO] Partial data saved after scraping 80 college details
2025-03-12 08:06:00,938 [INFO] Partial data saved after scraping 90 college details
2025-03-12 08:06:01,011 [INFO] Partial data saved after scraping 100 college details
2025-03-12 08:07:29,603 [INFO] Partial data saved after scraping 110 college details
2025-03-12 08:07:34,916 [INFO] Partial data saved after scraping 120 college details
2025-03-12 08:09:39,269 [INFO] Partial data saved after scraping 130 college details
2025-03-12 08:09:39,317 [INFO] Partial data saved after scraping 140 college details
2025-03-12 08:10:27,012 [INFO] Partial data saved after scraping 150 college details
2025-03-12 08:10:53,655 [INFO] Partial data saved after scraping 160 college details
2025-03-12 08:13:54,106 [INFO] Partial data saved after scraping 170 college details
2025-03-12 08:13:54,301 [INFO] Partial data saved after scraping 180 college details
2025-03-12 08:13:54,654 [INFO] Partial data saved after scraping 190 college details
2025-03-12 08:15:04,275 [INFO] Partial data saved after scraping 200 college details
2025-03-12 08:15:26,757 [INFO] Partial data saved after scraping 210 college details
2025-03-12 08:15:54,370 [INFO] Partial data saved after scraping 220 college details
2025-03-12 08:23:17,941 [INFO] Partial data saved after scraping 230 college details
2025-03-12 08:23:18,027 [INFO] Partial data saved after scraping 240 college details
2025-03-12 08:23:18,106 [INFO] Partial data saved after scraping 250 college details
2025-03-12 08:23:18,218 [INFO] Partial data saved after scraping 260 college details
2025-03-12 08:23:18,287 [INFO] Partial data saved after scraping 270 college details
2025-03-12 08:23:18,349 [INFO] Partial data saved after scraping 280 college details
2025-03-12 08:23:18,451 [INFO] Partial data saved after scraping 290 college details
2025-03-12 08:23:18,518 [INFO] Partial data saved after scraping 300 college details
2025-03-12 08:23:22,592 [INFO] Partial data saved after scraping 310 college details
2025-03-12 08:25:14,084 [INFO] Partial data saved after scraping 320 college details
2025-03-12 08:25:14,177 [INFO] Partial data saved after scraping 330 college details
2025-03-12 08:26:59,848 [ERROR] Error fetching details for Agra Public Pharmacy College, Agra: Message: timeout: Timed out receiving message from renderer: -0.050
  (Session info: chrome=133.0.6943.143)
Stacktrace:
	GetHandleVerifier [0x01200B43+25139]
	(No symbol) [0x011913F4]
	(No symbol) [0x010704E3]
	(No symbol) [0x0106116B]
	(No symbol) [0x01060EA1]
	(No symbol) [0x0105ED80]
	(No symbol) [0x0105F92D]
	(No symbol) [0x0106BDF9]
	(No symbol) [0x0107D2B5]
	(No symbol) [0x01082BA6]
	(No symbol) [0x0105FF3D]
	(No symbol) [0x0107D07E]
	(No symbol) [0x010FE687]
	(No symbol) [0x010DCDC6]
	(No symbol) [0x010ABDE9]
	(No symbol) [0x010AD124]
	GetHandleVerifier [0x01504373+3185251]
	GetHandleVerifier [0x0152291A+3309578]
	GetHandleVerifier [0x0151CF42+3286578]
	GetHandleVerifier [0x01297AE0+643536]
	(No symbol) [0x0119A20D]
	(No symbol) [0x011970B8]
	(No symbol) [0x01197257]
	(No symbol) [0x01189E00]
	BaseThreadInitThunk [0x7700FCC9+25]
	RtlGetAppContainerNamedObjectPath [0x77BF82AE+286]
	RtlGetAppContainerNamedObjectPath [0x77BF827E+238]

2025-03-12 08:27:06,021 [INFO] Partial data saved after scraping 340 college details
2025-03-12 08:27:06,126 [INFO] Partial data saved after scraping 350 college details
2025-03-12 08:31:56,126 [INFO] Partial data saved after scraping 360 college details
2025-03-12 08:31:56,255 [INFO] Partial data saved after scraping 370 college details
2025-03-12 08:31:56,355 [INFO] Partial data saved after scraping 380 college details
2025-03-12 08:31:56,474 [INFO] Partial data saved after scraping 390 college details
2025-03-12 08:31:56,648 [INFO] Partial data saved after scraping 400 college details
2025-03-12 08:31:56,765 [INFO] Partial data saved after scraping 410 college details
2025-03-12 08:34:16,578 [INFO] Partial data saved after scraping 420 college details
2025-03-12 08:34:16,661 [INFO] Partial data saved after scraping 430 college details
2025-03-12 08:34:45,246 [INFO] Partial data saved after scraping 440 college details
2025-03-12 08:35:15,533 [INFO] Partial data saved after scraping 450 college details
2025-03-12 08:36:11,647 [INFO] Partial data saved after scraping 460 college details
2025-03-12 08:46:40,731 [INFO] Partial data saved after scraping 470 college details
2025-03-12 08:46:40,799 [INFO] Partial data saved after scraping 480 college details
2025-03-12 08:46:40,871 [INFO] Partial data saved after scraping 490 college details
2025-03-12 08:46:41,044 [INFO] Partial data saved after scraping 500 college details
2025-03-12 08:46:41,144 [INFO] Partial data saved after scraping 510 college details
2025-03-12 08:46:41,236 [INFO] Partial data saved after scraping 520 college details
2025-03-12 08:46:41,375 [INFO] Partial data saved after scraping 530 college details
2025-03-12 08:46:41,607 [INFO] Partial data saved after scraping 540 college details
2025-03-12 08:46:41,792 [INFO] Partial data saved after scraping 550 college details
2025-03-12 08:46:42,334 [INFO] Partial data saved after scraping 560 college details
2025-03-12 08:46:42,489 [INFO] Partial data saved after scraping 570 college details
2025-03-12 08:46:42,652 [INFO] Partial data saved after scraping 580 college details
2025-03-12 08:46:42,811 [INFO] Partial data saved after scraping 590 college details
2025-03-12 08:47:20,659 [ERROR] Error fetching details for Amolakchand Mahavidyalaya, Yavatmal: Message: timeout: Timed out receiving message from renderer: 7.228
  (Session info: chrome=133.0.6943.143)
Stacktrace:
	GetHandleVerifier [0x01200B43+25139]
	(No symbol) [0x011913F4]
	(No symbol) [0x010704E3]
	(No symbol) [0x0106116B]
	(No symbol) [0x01060EA1]
	(No symbol) [0x0105ED80]
	(No symbol) [0x0105F92D]
	(No symbol) [0x0106BDF9]
	(No symbol) [0x0107D2B5]
	(No symbol) [0x01082BA6]
	(No symbol) [0x0105FF3D]
	(No symbol) [0x0107D07E]
	(No symbol) [0x010FEA66]
	(No symbol) [0x010DCDC6]
	(No symbol) [0x010ABDE9]
	(No symbol) [0x010AD124]
	GetHandleVerifier [0x01504373+3185251]
	GetHandleVerifier [0x0152291A+3309578]
	GetHandleVerifier [0x0151CF42+3286578]
	GetHandleVerifier [0x01297AE0+643536]
	(No symbol) [0x0119A20D]
	(No symbol) [0x011970B8]
	(No symbol) [0x01197257]
	(No symbol) [0x01189E00]
	BaseThreadInitThunk [0x7700FCC9+25]
	RtlGetAppContainerNamedObjectPath [0x77BF82AE+286]
	RtlGetAppContainerNamedObjectPath [0x77BF827E+238]

2025-03-12 08:47:28,152 [INFO] Partial data saved after scraping 600 college details
2025-03-12 08:51:46,893 [INFO] Partial data saved after scraping 610 college details
2025-03-12 08:51:47,933 [INFO] Partial data saved after scraping 620 college details
2025-03-12 08:51:48,264 [INFO] Partial data saved after scraping 630 college details
2025-03-12 08:51:48,513 [INFO] Partial data saved after scraping 640 college details
2025-03-12 08:51:48,801 [INFO] Partial data saved after scraping 650 college details
2025-03-12 08:51:49,045 [INFO] Partial data saved after scraping 660 college details
2025-03-12 08:56:44,956 [INFO] Partial data saved after scraping 670 college details
2025-03-12 08:56:45,062 [INFO] Partial data saved after scraping 680 college details
2025-03-12 08:56:45,161 [INFO] Partial data saved after scraping 690 college details
2025-03-12 08:56:45,321 [INFO] Partial data saved after scraping 700 college details
2025-03-12 08:56:45,535 [INFO] Partial data saved after scraping 710 college details
2025-03-12 08:56:45,672 [INFO] Partial data saved after scraping 720 college details
2025-03-12 08:57:08,001 [INFO] Partial data saved after scraping 730 college details
2025-03-12 09:00:54,533 [INFO] Partial data saved after scraping 740 college details
2025-03-12 09:00:54,795 [INFO] Partial data saved after scraping 750 college details
2025-03-12 09:00:55,091 [INFO] Partial data saved after scraping 760 college details
2025-03-12 09:00:55,558 [INFO] Partial data saved after scraping 770 college details
2025-03-12 09:00:55,979 [INFO] Partial data saved after scraping 780 college details
2025-03-12 09:02:30,751 [INFO] Partial data saved after scraping 790 college details
2025-03-12 09:02:30,882 [INFO] Partial data saved after scraping 800 college details
2025-03-12 09:03:38,187 [INFO] Partial data saved after scraping 810 college details
2025-03-12 09:04:41,431 [INFO] Partial data saved after scraping 820 college details
2025-03-12 09:04:41,571 [INFO] Partial data saved after scraping 830 college details
2025-03-12 09:05:41,861 [INFO] Partial data saved after scraping 840 college details
2025-03-12 09:09:25,014 [INFO] Partial data saved after scraping 850 college details
2025-03-12 09:09:25,125 [INFO] Partial data saved after scraping 860 college details
2025-03-12 09:09:25,431 [INFO] Partial data saved after scraping 870 college details
2025-03-12 09:09:25,948 [INFO] Partial data saved after scraping 880 college details
2025-03-12 09:10:22,166 [INFO] Partial data saved after scraping 890 college details
2025-03-12 09:10:53,351 [INFO] Partial data saved after scraping 900 college details
2025-03-12 09:13:47,979 [INFO] Partial data saved after scraping 910 college details
2025-03-12 09:13:48,091 [INFO] Partial data saved after scraping 920 college details
2025-03-12 09:13:48,188 [INFO] Partial data saved after scraping 930 college details
2025-03-12 09:13:48,283 [INFO] Partial data saved after scraping 940 college details
2025-03-12 09:14:59,136 [INFO] Partial data saved after scraping 950 college details
2025-03-12 09:14:59,175 [INFO] Final data saved to output/careers360_colleges_20250312_091459.csv
2025-03-12 09:14:59,176 [INFO] Total execution time: 4707.99 seconds
2025-03-12 18:51:43,052 [INFO] HTTP Request: GET https://www.careers360.com/colleges/india-colleges-fctp?page=5&degree=72,14,6,101,150,168,9,184,76,154,215,191,73&sort_by=3 "HTTP/1.1 200 OK"
2025-03-12 18:51:43,082 [INFO] HTTP Request: GET https://www.careers360.com/colleges/india-colleges-fctp?page=2&degree=72,14,6,101,150,168,9,184,76,154,215,191,73&sort_by=3 "HTTP/1.1 200 OK"
2025-03-12 18:51:44,201 [INFO] HTTP Request: GET https://www.careers360.com/colleges/india-colleges-fctp?page=1&degree=72,14,6,101,150,168,9,184,76,154,215,191,73&sort_by=3 "HTTP/1.1 200 OK"
2025-03-12 18:51:44,202 [INFO] HTTP Request: GET https://www.careers360.com/colleges/india-colleges-fctp?page=3&degree=72,14,6,101,150,168,9,184,76,154,215,191,73&sort_by=3 "HTTP/1.1 200 OK"
2025-03-12 18:51:44,205 [INFO] HTTP Request: GET https://www.careers360.com/colleges/india-colleges-fctp?page=4&degree=72,14,6,101,150,168,9,184,76,154,215,191,73&sort_by=3 "HTTP/1.1 200 OK"
2025-03-12 18:51:47,226 [INFO] HTTP Request: GET https://www.careers360.com/colleges/india-colleges-fctp?page=6&degree=72,14,6,101,150,168,9,184,76,154,215,191,73&sort_by=3 "HTTP/1.1 200 OK"
2025-03-12 18:51:48,730 [INFO] HTTP Request: GET https://www.careers360.com/colleges/india-colleges-fctp?page=9&degree=72,14,6,101,150,168,9,184,76,154,215,191,73&sort_by=3 "HTTP/1.1 200 OK"
2025-03-12 18:51:49,145 [INFO] HTTP Request: GET https://www.careers360.com/colleges/india-colleges-fctp?page=8&degree=72,14,6,101,150,168,9,184,76,154,215,191,73&sort_by=3 "HTTP/1.1 200 OK"
2025-03-12 18:51:49,764 [INFO] HTTP Request: GET https://www.careers360.com/colleges/india-colleges-fctp?page=7&degree=72,14,6,101,150,168,9,184,76,154,215,191,73&sort_by=3 "HTTP/1.1 200 OK"
2025-03-12 18:51:49,765 [INFO] HTTP Request: GET https://www.careers360.com/colleges/india-colleges-fctp?page=10&degree=72,14,6,101,150,168,9,184,76,154,215,191,73&sort_by=3 "HTTP/1.1 200 OK"
2025-03-12 18:51:50,814 [INFO] HTTP Request: GET https://www.careers360.com/colleges/india-colleges-fctp?page=11&degree=72,14,6,101,150,168,9,184,76,154,215,191,73&sort_by=3 "HTTP/1.1 200 OK"
2025-03-12 18:51:51,775 [INFO] HTTP Request: GET https://www.careers360.com/colleges/india-colleges-fctp?page=13&degree=72,14,6,101,150,168,9,184,76,154,215,191,73&sort_by=3 "HTTP/1.1 200 OK"
2025-03-12 18:51:51,778 [INFO] HTTP Request: GET https://www.careers360.com/colleges/india-colleges-fctp?page=12&degree=72,14,6,101,150,168,9,184,76,154,215,191,73&sort_by=3 "HTTP/1.1 200 OK"
2025-03-12 18:51:53,162 [INFO] HTTP Request: GET https://www.careers360.com/colleges/india-colleges-fctp?page=14&degree=72,14,6,101,150,168,9,184,76,154,215,191,73&sort_by=3 "HTTP/1.1 200 OK"
2025-03-12 18:51:54,540 [INFO] HTTP Request: GET https://www.careers360.com/colleges/india-colleges-fctp?page=15&degree=72,14,6,101,150,168,9,184,76,154,215,191,73&sort_by=3 "HTTP/1.1 200 OK"
2025-03-12 18:51:54,543 [INFO] HTTP Request: GET https://www.careers360.com/colleges/india-colleges-fctp?page=16&degree=72,14,6,101,150,168,9,184,76,154,215,191,73&sort_by=3 "HTTP/1.1 200 OK"
2025-03-12 18:51:55,984 [INFO] HTTP Request: GET https://www.careers360.com/colleges/india-colleges-fctp?page=17&degree=72,14,6,101,150,168,9,184,76,154,215,191,73&sort_by=3 "HTTP/1.1 200 OK"
2025-03-12 18:51:55,986 [INFO] HTTP Request: GET https://www.careers360.com/colleges/india-colleges-fctp?page=18&degree=72,14,6,101,150,168,9,184,76,154,215,191,73&sort_by=3 "HTTP/1.1 200 OK"
2025-03-12 18:51:55,991 [INFO] HTTP Request: GET https://www.careers360.com/colleges/india-colleges-fctp?page=19&degree=72,14,6,101,150,168,9,184,76,154,215,191,73&sort_by=3 "HTTP/1.1 200 OK"
2025-03-12 18:51:57,851 [INFO] HTTP Request: GET https://www.careers360.com/colleges/india-colleges-fctp?page=20&degree=72,14,6,101,150,168,9,184,76,154,215,191,73&sort_by=3 "HTTP/1.1 200 OK"
2025-03-12 18:51:57,854 [INFO] HTTP Request: GET https://www.careers360.com/colleges/india-colleges-fctp?page=21&degree=72,14,6,101,150,168,9,184,76,154,215,191,73&sort_by=3 "HTTP/1.1 200 OK"
2025-03-12 18:52:00,534 [INFO] HTTP Request: GET https://www.careers360.com/colleges/india-colleges-fctp?page=23&degree=72,14,6,101,150,168,9,184,76,154,215,191,73&sort_by=3 "HTTP/1.1 200 OK"
2025-03-12 18:52:00,538 [INFO] HTTP Request: GET https://www.careers360.com/colleges/india-colleges-fctp?page=24&degree=72,14,6,101,150,168,9,184,76,154,215,191,73&sort_by=3 "HTTP/1.1 200 OK"
2025-03-12 18:52:00,548 [INFO] HTTP Request: GET https://www.careers360.com/colleges/india-colleges-fctp?page=22&degree=72,14,6,101,150,168,9,184,76,154,215,191,73&sort_by=3 "HTTP/1.1 200 OK"
2025-03-12 18:52:02,842 [INFO] HTTP Request: GET https://www.careers360.com/colleges/india-colleges-fctp?page=26&degree=72,14,6,101,150,168,9,184,76,154,215,191,73&sort_by=3 "HTTP/1.1 200 OK"
2025-03-12 18:52:02,858 [INFO] HTTP Request: GET https://www.careers360.com/colleges/india-colleges-fctp?page=25&degree=72,14,6,101,150,168,9,184,76,154,215,191,73&sort_by=3 "HTTP/1.1 200 OK"
2025-03-12 18:52:05,290 [INFO] HTTP Request: GET https://www.careers360.com/colleges/india-colleges-fctp?page=27&degree=72,14,6,101,150,168,9,184,76,154,215,191,73&sort_by=3 "HTTP/1.1 200 OK"
2025-03-12 18:52:05,292 [INFO] HTTP Request: GET https://www.careers360.com/colleges/india-colleges-fctp?page=28&degree=72,14,6,101,150,168,9,184,76,154,215,191,73&sort_by=3 "HTTP/1.1 200 OK"
2025-03-12 18:52:06,782 [INFO] HTTP Request: GET https://www.careers360.com/colleges/india-colleges-fctp?page=30&degree=72,14,6,101,150,168,9,184,76,154,215,191,73&sort_by=3 "HTTP/1.1 200 OK"
2025-03-12 18:52:07,394 [INFO] HTTP Request: GET https://www.careers360.com/colleges/india-colleges-fctp?page=29&degree=72,14,6,101,150,168,9,184,76,154,215,191,73&sort_by=3 "HTTP/1.1 200 OK"
2025-03-12 18:52:08,409 [INFO] HTTP Request: GET https://www.careers360.com/colleges/india-colleges-fctp?page=31&degree=72,14,6,101,150,168,9,184,76,154,215,191,73&sort_by=3 "HTTP/1.1 200 OK"
2025-03-12 18:52:08,414 [INFO] HTTP Request: GET https://www.careers360.com/colleges/india-colleges-fctp?page=33&degree=72,14,6,101,150,168,9,184,76,154,215,191,73&sort_by=3 "HTTP/1.1 200 OK"
2025-03-12 18:52:08,416 [INFO] HTTP Request: GET https://www.careers360.com/colleges/india-colleges-fctp?page=32&degree=72,14,6,101,150,168,9,184,76,154,215,191,73&sort_by=3 "HTTP/1.1 200 OK"
2025-03-12 18:52:10,268 [INFO] HTTP Request: GET https://www.careers360.com/colleges/india-colleges-fctp?page=34&degree=72,14,6,101,150,168,9,184,76,154,215,191,73&sort_by=3 "HTTP/1.1 200 OK"
2025-03-12 18:52:10,270 [INFO] HTTP Request: GET https://www.careers360.com/colleges/india-colleges-fctp?page=35&degree=72,14,6,101,150,168,9,184,76,154,215,191,73&sort_by=3 "HTTP/1.1 200 OK"
2025-03-12 18:52:12,091 [INFO] HTTP Request: GET https://www.careers360.com/colleges/india-colleges-fctp?page=37&degree=72,14,6,101,150,168,9,184,76,154,215,191,73&sort_by=3 "HTTP/1.1 200 OK"
2025-03-12 18:52:12,093 [INFO] HTTP Request: GET https://www.careers360.com/colleges/india-colleges-fctp?page=36&degree=72,14,6,101,150,168,9,184,76,154,215,191,73&sort_by=3 "HTTP/1.1 200 OK"
2025-03-12 18:52:13,531 [INFO] HTTP Request: GET https://www.careers360.com/colleges/india-colleges-fctp?page=38&degree=72,14,6,101,150,168,9,184,76,154,215,191,73&sort_by=3 "HTTP/1.1 200 OK"
2025-03-12 18:52:14,082 [INFO] HTTP Request: GET https://www.careers360.com/colleges/india-colleges-fctp?page=40&degree=72,14,6,101,150,168,9,184,76,154,215,191,73&sort_by=3 "HTTP/1.1 200 OK"
2025-03-12 18:52:14,088 [INFO] HTTP Request: GET https://www.careers360.com/colleges/india-colleges-fctp?page=39&degree=72,14,6,101,150,168,9,184,76,154,215,191,73&sort_by=3 "HTTP/1.1 200 OK"
2025-03-12 18:52:15,397 [INFO] HTTP Request: GET https://www.careers360.com/colleges/india-colleges-fctp?page=41&degree=72,14,6,101,150,168,9,184,76,154,215,191,73&sort_by=3 "HTTP/1.1 200 OK"
2025-03-12 18:52:15,981 [INFO] HTTP Request: GET https://www.careers360.com/colleges/india-colleges-fctp?page=42&degree=72,14,6,101,150,168,9,184,76,154,215,191,73&sort_by=3 "HTTP/1.1 200 OK"
2025-03-12 18:52:17,031 [INFO] HTTP Request: GET https://www.careers360.com/colleges/india-colleges-fctp?page=43&degree=72,14,6,101,150,168,9,184,76,154,215,191,73&sort_by=3 "HTTP/1.1 200 OK"
2025-03-12 18:52:19,128 [INFO] HTTP Request: GET https://www.careers360.com/colleges/india-colleges-fctp?page=44&degree=72,14,6,101,150,168,9,184,76,154,215,191,73&sort_by=3 "HTTP/1.1 200 OK"
2025-03-12 18:52:19,131 [INFO] HTTP Request: GET https://www.careers360.com/colleges/india-colleges-fctp?page=45&degree=72,14,6,101,150,168,9,184,76,154,215,191,73&sort_by=3 "HTTP/1.1 200 OK"
2025-03-12 18:52:19,134 [INFO] HTTP Request: GET https://www.careers360.com/colleges/india-colleges-fctp?page=46&degree=72,14,6,101,150,168,9,184,76,154,215,191,73&sort_by=3 "HTTP/1.1 200 OK"
2025-03-12 18:52:19,138 [INFO] HTTP Request: GET https://www.careers360.com/colleges/india-colleges-fctp?page=47&degree=72,14,6,101,150,168,9,184,76,154,215,191,73&sort_by=3 "HTTP/1.1 200 OK"
2025-03-12 18:52:21,197 [INFO] HTTP Request: GET https://www.careers360.com/colleges/india-colleges-fctp?page=48&degree=72,14,6,101,150,168,9,184,76,154,215,191,73&sort_by=3 "HTTP/1.1 200 OK"
2025-03-12 18:52:22,659 [INFO] HTTP Request: GET https://www.careers360.com/colleges/india-colleges-fctp?page=50&degree=72,14,6,101,150,168,9,184,76,154,215,191,73&sort_by=3 "HTTP/1.1 200 OK"
2025-03-12 18:52:24,238 [INFO] HTTP Request: GET https://www.careers360.com/colleges/india-colleges-fctp?page=49&degree=72,14,6,101,150,168,9,184,76,154,215,191,73&sort_by=3 "HTTP/1.1 200 OK"
2025-03-12 18:52:27,295 [INFO] Partial data saved after scraping page 5
2025-03-12 18:52:30,492 [INFO] Partial data saved after scraping page 10
2025-03-12 18:52:32,877 [INFO] Partial data saved after scraping page 15
2025-03-12 18:52:35,105 [INFO] Partial data saved after scraping page 20
2025-03-12 18:52:37,217 [INFO] Partial data saved after scraping page 25
2025-03-12 18:52:39,593 [INFO] Partial data saved after scraping page 30
2025-03-12 18:52:41,759 [INFO] Partial data saved after scraping page 35
2025-03-12 18:52:44,385 [INFO] Partial data saved after scraping page 40
2025-03-12 18:52:46,522 [INFO] Partial data saved after scraping page 45
2025-03-12 18:52:48,575 [INFO] Partial data saved after scraping page 50
2025-03-12 18:53:41,127 [ERROR] Error fetching details for IIT Delhi - Indian Institute of Technology Delhi: Message: timeout: Timed out receiving message from renderer: 23.409
  (Session info: chrome=133.0.6943.143)
Stacktrace:
	GetHandleVerifier [0x004B0B43+25139]
	(No symbol) [0x004413F4]
	(No symbol) [0x003204E3]
	(No symbol) [0x0031116B]
	(No symbol) [0x00310EA1]
	(No symbol) [0x0030ED80]
	(No symbol) [0x0030F92D]
	(No symbol) [0x0031BDF9]
	(No symbol) [0x0032D2B5]
	(No symbol) [0x00332BA6]
	(No symbol) [0x0030FF3D]
	(No symbol) [0x0032D07E]
	(No symbol) [0x003AEA66]
	(No symbol) [0x0038CDC6]
	(No symbol) [0x0035BDE9]
	(No symbol) [0x0035D124]
	GetHandleVerifier [0x007B4373+3185251]
	GetHandleVerifier [0x007D291A+3309578]
	GetHandleVerifier [0x007CCF42+3286578]
	GetHandleVerifier [0x00547AE0+643536]
	(No symbol) [0x0044A20D]
	(No symbol) [0x004470B8]
	(No symbol) [0x00447257]
	(No symbol) [0x00439E00]
	BaseThreadInitThunk [0x7700FCC9+25]
	RtlGetAppContainerNamedObjectPath [0x77BF82AE+286]
	RtlGetAppContainerNamedObjectPath [0x77BF827E+238]

2025-03-12 18:53:51,689 [ERROR] Error fetching details for IIT Bombay - Indian Institute of Technology Bombay: Message: timeout: Timed out receiving message from renderer: 25.839
  (Session info: chrome=133.0.6943.143)
Stacktrace:
	GetHandleVerifier [0x004B0B43+25139]
	(No symbol) [0x004413F4]
	(No symbol) [0x003204E3]
	(No symbol) [0x0031116B]
	(No symbol) [0x00310EA1]
	(No symbol) [0x0030ED80]
	(No symbol) [0x0030F92D]
	(No symbol) [0x0031BDF9]
	(No symbol) [0x0032D2B5]
	(No symbol) [0x00332BA6]
	(No symbol) [0x0030FF3D]
	(No symbol) [0x0032D07E]
	(No symbol) [0x003AEA66]
	(No symbol) [0x0038CDC6]
	(No symbol) [0x0035BDE9]
	(No symbol) [0x0035D124]
	GetHandleVerifier [0x007B4373+3185251]
	GetHandleVerifier [0x007D291A+3309578]
	GetHandleVerifier [0x007CCF42+3286578]
	GetHandleVerifier [0x00547AE0+643536]
	(No symbol) [0x0044A20D]
	(No symbol) [0x004470B8]
	(No symbol) [0x00447257]
	(No symbol) [0x00439E00]
	BaseThreadInitThunk [0x7700FCC9+25]
	RtlGetAppContainerNamedObjectPath [0x77BF82AE+286]
	RtlGetAppContainerNamedObjectPath [0x77BF827E+238]

2025-03-12 18:53:54,173 [ERROR] Error fetching details for IIT Madras (IITM) - Indian Institute of Technology Madras: Message: timeout: Timed out receiving message from renderer: 25.124
  (Session info: chrome=133.0.6943.143)
Stacktrace:
	GetHandleVerifier [0x004B0B43+25139]
	(No symbol) [0x004413F4]
	(No symbol) [0x003204E3]
	(No symbol) [0x0031116B]
	(No symbol) [0x00310EA1]
	(No symbol) [0x0030ED80]
	(No symbol) [0x0030F92D]
	(No symbol) [0x0031BDF9]
	(No symbol) [0x0032D2B5]
	(No symbol) [0x00332BA6]
	(No symbol) [0x0030FF3D]
	(No symbol) [0x0032D07E]
	(No symbol) [0x003AEA66]
	(No symbol) [0x0038CDC6]
	(No symbol) [0x0035BDE9]
	(No symbol) [0x0035D124]
	GetHandleVerifier [0x007B4373+3185251]
	GetHandleVerifier [0x007D291A+3309578]
	GetHandleVerifier [0x007CCF42+3286578]
	GetHandleVerifier [0x00547AE0+643536]
	(No symbol) [0x0044A20D]
	(No symbol) [0x004470B8]
	(No symbol) [0x00447257]
	(No symbol) [0x00439E00]
	BaseThreadInitThunk [0x7700FCC9+25]
	RtlGetAppContainerNamedObjectPath [0x77BF82AE+286]
	RtlGetAppContainerNamedObjectPath [0x77BF827E+238]

